<?xml version="1.0" encoding="UTF-8"?>
<testng-results ignored="0" total="1" passed="1" failed="0" skipped="0">
  <reporter-output>
  </reporter-output>
  <suite started-at="2025-08-30T11:37:43 IST" name="Default suite" finished-at="2025-08-30T11:37:43 IST" duration-ms="65">
    <groups>
    </groups>
    <test started-at="2025-08-30T11:37:43 IST" name="Default test" finished-at="2025-08-30T11:37:43 IST" duration-ms="65">
      <class name="stepdefinitions.SignupSteps">
        <test-method signature="jenkinsTest()[pri:0, instance:stepdefinitions.SignupSteps@37ceb1df]" started-at="2025-08-30T11:37:43 IST" name="jenkinsTest" finished-at="2025-08-30T11:37:43 IST" duration-ms="8" status="PASS">
          <reporter-output>
          </reporter-output>
        </test-method> <!-- jenkinsTest -->
      </class> <!-- stepdefinitions.SignupSteps -->
    </test> <!-- Default test -->
  </suite> <!-- Default suite -->
</testng-results>
